<?xml version="1.0" encoding="UTF-8"?>
<!-- Generated by org.testng.reporters.JUnitReportReporter -->
<testsuite skipped="0" hostname="Music" name="testCases.TOpenAllTheLinks" tests="1" failures="0" timestamp="21 Jun 2020 05:31:34 GMT" time="20.737" errors="0">
  <testcase name="method" time="20.737" classname="testCases.TOpenAllTheLinks"/>
</testsuite> <!-- testCases.TOpenAllTheLinks -->
