<?xml version="1.0" encoding="UTF-8"?>
<!-- Generated by org.testng.reporters.JUnitReportReporter -->
<testsuite skipped="0" hostname="Music" name="testCases.RestClass" tests="1" failures="0" timestamp="14 May 2020 08:43:35 GMT" time="10.262" errors="0">
  <testcase name="rest" time="10.262" classname="testCases.RestClass"/>
</testsuite> <!-- testCases.RestClass -->
